2023-11-22 00:17:08.220  INFO 8532 --- [main] .s.w.WebEcommerceSmartvoucherApplication : Starting WebEcommerceSmartvoucherApplication using Java 20 on DESKTOP-DKDTGTC with PID 8532 (C:\Users\DELL\Desktop\capstone\com.smartvoucher\web-Ecommerce-smartvoucher\target\classes started by DELL in C:\Users\DELL\Desktop\capstone\com.smartvoucher)
2023-11-22 00:17:08.225  INFO 8532 --- [main] .s.w.WebEcommerceSmartvoucherApplication : No active profile set, falling back to 1 default profile: "default"
2023-11-22 00:17:10.670  INFO 8532 --- [main] .s.d.r.c.RepositoryConfigurationDelegate : Bootstrapping Spring Data JPA repositories in DEFAULT mode.
2023-11-22 00:17:11.056  INFO 8532 --- [main] .s.d.r.c.RepositoryConfigurationDelegate : Finished Spring Data repository scanning in 370 ms. Found 19 JPA repository interfaces.
2023-11-22 00:17:12.896  INFO 8532 --- [main] o.s.b.w.embedded.tomcat.TomcatWebServer  : Tomcat initialized with port(s): 8082 (http)
2023-11-22 00:17:12.919  INFO 8532 --- [main] o.apache.catalina.core.StandardService   : Starting service [Tomcat]
2023-11-22 00:17:12.920  INFO 8532 --- [main] org.apache.catalina.core.StandardEngine  : Starting Servlet engine: [Apache Tomcat/9.0.79]
2023-11-22 00:17:13.187  INFO 8532 --- [main] o.a.c.c.C.[Tomcat].[localhost].[/]       : Initializing Spring embedded WebApplicationContext
2023-11-22 00:17:13.188  INFO 8532 --- [main] w.s.c.ServletWebServerApplicationContext : Root WebApplicationContext: initialization completed in 4848 ms
2023-11-22 00:17:13.831  INFO 8532 --- [main] o.hibernate.jpa.internal.util.LogHelper  : HHH000204: Processing PersistenceUnitInfo [name: default]
2023-11-22 00:17:13.963  INFO 8532 --- [main] org.hibernate.Version                    : HHH000412: Hibernate ORM core version 5.6.15.Final
2023-11-22 00:17:14.423  INFO 8532 --- [main] o.hibernate.annotations.common.Version   : HCANN000001: Hibernate Commons Annotations {5.1.2.Final}
2023-11-22 00:17:14.649  INFO 8532 --- [main] com.zaxxer.hikari.HikariDataSource       : HikariPool-1 - Starting...
2023-11-22 00:17:15.381  INFO 8532 --- [main] com.zaxxer.hikari.HikariDataSource       : HikariPool-1 - Start completed.
2023-11-22 00:17:15.416  INFO 8532 --- [main] org.hibernate.dialect.Dialect            : HHH000400: Using dialect: org.hibernate.dialect.MySQL8Dialect
2023-11-22 00:17:18.013  INFO 8532 --- [main] o.h.e.t.j.p.i.JtaPlatformInitiator       : HHH000490: Using JtaPlatform implementation: [org.hibernate.engine.transaction.jta.platform.internal.NoJtaPlatform]
2023-11-22 00:17:18.032  INFO 8532 --- [main] j.LocalContainerEntityManagerFactoryBean : Initialized JPA EntityManagerFactory for persistence unit 'default'
2023-11-22 00:17:22.560  INFO 8532 --- [main] o.s.s.web.DefaultSecurityFilterChain     : Will secure any request with [org.springframework.security.web.session.DisableEncodeUrlFilter@4b19ee18, org.springframework.security.web.context.request.async.WebAsyncManagerIntegrationFilter@2561d61, org.springframework.security.web.context.SecurityContextPersistenceFilter@2a8081f5, org.springframework.security.web.header.HeaderWriterFilter@5a6f1342, org.springframework.web.filter.CorsFilter@6259d7a0, org.springframework.security.web.authentication.logout.LogoutFilter@25f67aea, org.springframework.security.oauth2.client.web.OAuth2AuthorizationRequestRedirectFilter@69eb1f23, org.springframework.security.oauth2.client.web.OAuth2LoginAuthenticationFilter@2c9af700, com.smartvoucher.webEcommercesmartvoucher.filter.JWTFilter@3eb292cd, org.springframework.security.web.authentication.ui.DefaultLoginPageGeneratingFilter@eccaf1b, org.springframework.security.web.authentication.ui.DefaultLogoutPageGeneratingFilter@374712f8, org.springframework.security.web.savedrequest.RequestCacheAwareFilter@7ecca48, org.springframework.security.web.servletapi.SecurityContextHolderAwareRequestFilter@73a5cc47, org.springframework.security.web.authentication.rememberme.RememberMeAuthenticationFilter@63e54c66, org.springframework.security.web.authentication.AnonymousAuthenticationFilter@33aa4326, org.springframework.security.web.session.SessionManagementFilter@5e9a9683, org.springframework.security.web.access.ExceptionTranslationFilter@608b74f3, org.springframework.security.web.access.intercept.AuthorizationFilter@63075ad1]
2023-11-22 00:17:23.665  INFO 8532 --- [main] o.s.b.w.embedded.tomcat.TomcatWebServer  : Tomcat started on port(s): 8082 (http) with context path ''
2023-11-22 00:17:23.733  INFO 8532 --- [main] .s.w.WebEcommerceSmartvoucherApplication : Started WebEcommerceSmartvoucherApplication in 16.424 seconds (JVM running for 17.388)
2023-11-22 00:17:56.441  INFO 8532 --- [http-nio-8082-exec-2] o.a.c.c.C.[Tomcat].[localhost].[/]       : Initializing Spring DispatcherServlet 'dispatcherServlet'
2023-11-22 00:17:56.441  INFO 8532 --- [http-nio-8082-exec-2] o.s.web.servlet.DispatcherServlet        : Initializing Servlet 'dispatcherServlet'
2023-11-22 00:17:56.443  INFO 8532 --- [http-nio-8082-exec-2] o.s.web.servlet.DispatcherServlet        : Completed initialization in 2 ms
2023-11-22 00:17:56.589  INFO 8532 --- [http-nio-8082-exec-2] c.s.w.controller.AccountController       : Sign-in is successfully !
2023-11-22 00:17:57.258  INFO 8532 --- [http-nio-8082-exec-2] c.s.w.service.impl.AccountService        : Sign-in is successfully !
2023-11-22 00:17:57.470  WARN 8532 --- [http-nio-8082-exec-2] o.a.c.util.SessionIdGeneratorBase        : Creation of SecureRandom instance for session ID generation using [SHA1PRNG] took [114] milliseconds.
